#
# A fatal error has been detected by the Java Runtime Environment:
#
#  EXCEPTION_ACCESS_VIOLATION (0xc0000005) at pc=0x0000000068272262, pid=11704, tid=0x0000000000002174
#
# JRE version: Java(TM) SE Runtime Environment (8.0_92-b14) (build 1.8.0_92-b14)
# Java VM: Java HotSpot(TM) 64-Bit Server VM (25.92-b14 mixed mode windows-amd64 compressed oops)
# Problematic frame:
# V  [jvm.dll+0x202262]
#
# Failed to write core dump. Minidumps are not enabled by default on client versions of Windows
#
# If you would like to submit a bug report, please visit:
#   http://bugreport.java.com/bugreport/crash.jsp
#

---------------  T H R E A D  ---------------

Current thread (0x0000000007847800):  JavaThread "C1 CompilerThread2" daemon [_thread_in_vm, id=8564, stack(0x0000000007ce0000,0x0000000007de0000)]

siginfo: ExceptionCode=0xc0000005, reading address 0xffffffffffffffff

Registers:
RAX=0x0800000005d3f008, RBX=0x0000000007ddebc0, RCX=0x0000000007ddebc0, RDX=0x00000000ffffffff
RSP=0x0000000007ddeb40, RBP=0x0000000007847800, RSI=0x0000000007ddec40, RDI=0x00000000ffffffff
R8 =0x000000001e08aaa8, R9 =0x0000000007ddec40, R10=0x0000000000000000, R11=0x0000000000000001
R12=0x0000000000000000, R13=0x0000000000000006, R14=0x0000000007ddee00, R15=0x0000000007ddee00
RIP=0x0000000068272262, EFLAGS=0x0000000000010202

Top of Stack: (sp=0x0000000007ddeb40)
0x0000000007ddeb40:   000000001e08aaa8 000000006809f105
0x0000000007ddeb50:   00000000026d98e8 0000000000000000
0x0000000007ddeb60:   0000000007847800 00000000680b7e00
0x0000000007ddeb70:   0000000007ddec30 000000006812c8dc
0x0000000007ddeb80:   0000000007ddee00 0000000007ddec30
0x0000000007ddeb90:   000000000271ad40 0000000007b26200
0x0000000007ddeba0:   00000000095886c0 0000000009588858
0x0000000007ddebb0:   00000000000083b0 0000000009580870
0x0000000007ddebc0:   0800000005d3f008 0000000007847800
0x0000000007ddebd0:   00000000090759e0 0000000009075960
0x0000000007ddebe0:   0000000000000001 000000006812fd7e
0x0000000007ddebf0:   0000000007ddec30 0000000007847800
0x0000000007ddec00:   0000000007ddecc0 0000000007847800
0x0000000007ddec10:   0000000007ddec30 0000000000000001
0x0000000007ddec20:   0000000000000006 0000000007847800
0x0000000007ddec30:   0800000005d3f008 0000000007847800 

Instructions: (pc=0x0000000068272262)
0x0000000068272242:   5c 24 40 33 c0 48 83 c4 30 5f c3 cc cc cc 48 89
0x0000000068272252:   5c 24 08 57 48 83 ec 30 48 8b 01 8b fa 48 8b d9
0x0000000068272262:   48 8b 40 48 48 85 c0 75 1e 48 8b d1 48 8d 4c 24
0x0000000068272272:   20 e8 e8 cd e2 ff 8b d7 48 8b c8 e8 1e f8 ff ff 


Register to memory mapping:

RAX=0x0800000005d3f008 is an unknown value
RBX=0x0000000007ddebc0 is pointing into the stack for thread: 0x0000000007847800
RCX=0x0000000007ddebc0 is pointing into the stack for thread: 0x0000000007847800
RDX=0x00000000ffffffff is an unallocated location in the heap
RSP=0x0000000007ddeb40 is pointing into the stack for thread: 0x0000000007847800
RBP=0x0000000007847800 is a thread
RSI=0x0000000007ddec40 is pointing into the stack for thread: 0x0000000007847800
RDI=0x00000000ffffffff is an unallocated location in the heap
R8 =0x000000001e08aaa8 is pointing into metadata
R9 =0x0000000007ddec40 is pointing into the stack for thread: 0x0000000007847800
R10=0x0000000000000000 is an unknown value
R11=0x0000000000000001 is an unknown value
R12=0x0000000000000000 is an unknown value
R13=0x0000000000000006 is an unknown value
R14=0x0000000007ddee00 is pointing into the stack for thread: 0x0000000007847800
R15=0x0000000007ddee00 is pointing into the stack for thread: 0x0000000007847800


Stack: [0x0000000007ce0000,0x0000000007de0000],  sp=0x0000000007ddeb40,  free space=1018k
Native frames: (J=compiled Java code, j=interpreted, Vv=VM code, C=native code)
V  [jvm.dll+0x202262]
V  [jvm.dll+0xbc8dc]
V  [jvm.dll+0xbfd7e]
V  [jvm.dll+0xc1114]
V  [jvm.dll+0xc25c7]
V  [jvm.dll+0xc29e6]
V  [jvm.dll+0x3a9d9]
V  [jvm.dll+0x418bf7]
V  [jvm.dll+0x41b847]
V  [jvm.dll+0x41c13d]
V  [jvm.dll+0x41c532]
V  [jvm.dll+0x421625]
V  [jvm.dll+0x421730]
V  [jvm.dll+0x40aee8]
V  [jvm.dll+0x40b151]
V  [jvm.dll+0x40b312]
V  [jvm.dll+0x40b4e1]
V  [jvm.dll+0x40b6ef]
V  [jvm.dll+0xa50a2]
V  [jvm.dll+0xa59df]
V  [jvm.dll+0x244314]
V  [jvm.dll+0x29b34a]
C  [msvcr100.dll+0x21d9f]
C  [msvcr100.dll+0x21e3b]
C  [kernel32.dll+0x15a4d]
C  [ntdll.dll+0x2b831]


Current CompileTask:
C1:   4234 1420 %     3       com.android.dx.cf.code.Ropper::addExceptionSetupBlocks @ 8 (203 bytes)


---------------  P R O C E S S  ---------------

Java Threads: ( => current thread )
  0x0000000007b24000 JavaThread "pool-2-thread-4" [_thread_blocked, id=12128, stack(0x0000000008160000,0x0000000008260000)]
  0x0000000007b1d000 JavaThread "pool-2-thread-3" [_thread_in_Java, id=3908, stack(0x0000000008a40000,0x0000000008b40000)]
  0x0000000007b1a000 JavaThread "pool-2-thread-2" [_thread_in_vm, id=5692, stack(0x0000000008870000,0x0000000008970000)]
  0x0000000007a4a800 JavaThread "pool-3-thread-1" [_thread_blocked, id=10344, stack(0x00000000086e0000,0x00000000087e0000)]
  0x0000000007a44000 JavaThread "pool-2-thread-1" [_thread_blocked, id=11960, stack(0x0000000008490000,0x0000000008590000)]
  0x00000000078b7000 JavaThread "Service Thread" daemon [_thread_blocked, id=12188, stack(0x0000000008050000,0x0000000008150000)]
=>0x0000000007847800 JavaThread "C1 CompilerThread2" daemon [_thread_in_vm, id=8564, stack(0x0000000007ce0000,0x0000000007de0000)]
  0x0000000007846000 JavaThread "C2 CompilerThread1" daemon [_thread_in_native, id=8880, stack(0x0000000007f00000,0x0000000008000000)]
  0x0000000007844000 JavaThread "C2 CompilerThread0" daemon [_thread_in_native, id=8704, stack(0x0000000007de0000,0x0000000007ee0000)]
  0x000000000783a800 JavaThread "Attach Listener" daemon [_thread_blocked, id=9492, stack(0x0000000007510000,0x0000000007610000)]
  0x000000000627a000 JavaThread "Signal Dispatcher" daemon [_thread_blocked, id=11708, stack(0x0000000007270000,0x0000000007370000)]
  0x000000000625b000 JavaThread "Finalizer" daemon [_thread_blocked, id=10668, stack(0x0000000007730000,0x0000000007830000)]
  0x0000000006214000 JavaThread "Reference Handler" daemon [_thread_blocked, id=12044, stack(0x0000000007620000,0x0000000007720000)]
  0x000000000023f000 JavaThread "main" [_thread_blocked, id=12148, stack(0x0000000002800000,0x0000000002900000)]

Other Threads:
  0x000000000620c800 VMThread [stack: 0x0000000007370000,0x0000000007470000] [id=12216]
  0x000000000790a000 WatcherThread [stack: 0x0000000008260000,0x0000000008360000] [id=11328]

VM state:not at safepoint (normal execution)

VM Mutex/Monitor currently owned by a thread: None

Heap:
 PSYoungGen      total 38400K, used 29227K [0x00000000eab00000, 0x00000000ef600000, 0x0000000100000000)
  eden space 33280K, 72% used [0x00000000eab00000,0x00000000ec2926f0,0x00000000ecb80000)
  from space 5120K, 99% used [0x00000000ed080000,0x00000000ed578628,0x00000000ed580000)
  to   space 5120K, 0% used [0x00000000ecb80000,0x00000000ecb80000,0x00000000ed080000)
 ParOldGen       total 87552K, used 6873K [0x00000000c0000000, 0x00000000c5580000, 0x00000000eab00000)
  object space 87552K, 7% used [0x00000000c0000000,0x00000000c06b66f8,0x00000000c5580000)
 Metaspace       used 6170K, capacity 7000K, committed 7168K, reserved 1056768K
  class space    used 619K, capacity 656K, committed 768K, reserved 1048576K

Card table byte_map: [0x0000000002d40000,0x0000000002f50000] byte_map_base: 0x0000000002740000

Marking Bits: (ParMarkBitMap*) 0x00000000688864f0
 Begin Bits: [0x0000000003680000, 0x0000000004680000)
 End Bits:   [0x0000000004680000, 0x0000000005680000)

Polling page: 0x0000000000220000

CodeCache: size=245760Kb used=4900Kb max_used=4908Kb free=240859Kb
 bounds [0x000000000f010000, 0x000000000f4e0000, 0x000000001e010000]
 total_blobs=1604 nmethods=1334 adapters=183
 compilation: enabled

Compilation events (10 events):
Event: 4.046 Thread 0x0000000007847800 nmethod 1416 0x000000000f4d93d0 code [0x000000000f4d9560, 0x000000000f4d9878]
Event: 4.047 Thread 0x0000000007847800 1417       2       com.android.dx.rop.annotation.NameValuePair::<init> (43 bytes)
Event: 4.047 Thread 0x0000000007844000 nmethod 1410 0x000000000f4d7850 code [0x000000000f4d79c0, 0x000000000f4d7c28]
Event: 4.047 Thread 0x0000000007844000 1318       4       com.android.dx.cf.code.RopperMachine::getSources (264 bytes)
Event: 4.047 Thread 0x0000000007847800 nmethod 1417 0x000000000f4d7250 code [0x000000000f4d73e0, 0x000000000f4d76b8]
Event: 4.047 Thread 0x0000000007847800 1418       2       com.android.dx.rop.annotation.Annotation::put (32 bytes)
Event: 4.048 Thread 0x0000000007847800 nmethod 1418 0x000000000f4d8d50 code [0x000000000f4d8ee0, 0x000000000f4d91e8]
Event: 4.054 Thread 0x0000000007847800 1419       2       com.android.dx.ssa.Dominators::<init> (55 bytes)
Event: 4.055 Thread 0x0000000007847800 nmethod 1419 0x000000000f4d8810 code [0x000000000f4d8980, 0x000000000f4d8c30]
Event: 4.065 Thread 0x0000000007847800 1420 %     3       com.android.dx.cf.code.Ropper::addExceptionSetupBlocks @ 8 (203 bytes)

GC Heap History (4 events):
Event: 2.072 GC heap before
{Heap before GC invocations=1 (full 0):
 PSYoungGen      total 38400K, used 33280K [0x00000000eab00000, 0x00000000ed580000, 0x0000000100000000)
  eden space 33280K, 100% used [0x00000000eab00000,0x00000000ecb80000,0x00000000ecb80000)
  from space 5120K, 0% used [0x00000000ed080000,0x00000000ed080000,0x00000000ed580000)
  to   space 5120K, 0% used [0x00000000ecb80000,0x00000000ecb80000,0x00000000ed080000)
 ParOldGen       total 87552K, used 0K [0x00000000c0000000, 0x00000000c5580000, 0x00000000eab00000)
  object space 87552K, 0% used [0x00000000c0000000,0x00000000c0000000,0x00000000c5580000)
 Metaspace       used 5923K, capacity 6834K, committed 7040K, reserved 1056768K
  class space    used 597K, capacity 618K, committed 640K, reserved 1048576K
Event: 2.085 GC heap after
Heap after GC invocations=1 (full 0):
 PSYoungGen      total 38400K, used 5090K [0x00000000eab00000, 0x00000000ed580000, 0x0000000100000000)
  eden space 33280K, 0% used [0x00000000eab00000,0x00000000eab00000,0x00000000ecb80000)
  from space 5120K, 99% used [0x00000000ecb80000,0x00000000ed078ab8,0x00000000ed080000)
  to   space 5120K, 0% used [0x00000000ed080000,0x00000000ed080000,0x00000000ed580000)
 ParOldGen       total 87552K, used 2050K [0x00000000c0000000, 0x00000000c5580000, 0x00000000eab00000)
  object space 87552K, 2% used [0x00000000c0000000,0x00000000c0200a00,0x00000000c5580000)
 Metaspace       used 5923K, capacity 6834K, committed 7040K, reserved 1056768K
  class space    used 597K, capacity 618K, committed 640K, reserved 1048576K
}
Event: 2.539 GC heap before
{Heap before GC invocations=2 (full 0):
 PSYoungGen      total 38400K, used 38370K [0x00000000eab00000, 0x00000000ed580000, 0x0000000100000000)
  eden space 33280K, 100% used [0x00000000eab00000,0x00000000ecb80000,0x00000000ecb80000)
  from space 5120K, 99% used [0x00000000ecb80000,0x00000000ed078ab8,0x00000000ed080000)
  to   space 5120K, 0% used [0x00000000ed080000,0x00000000ed080000,0x00000000ed580000)
 ParOldGen       total 87552K, used 2050K [0x00000000c0000000, 0x00000000c5580000, 0x00000000eab00000)
  object space 87552K, 2% used [0x00000000c0000000,0x00000000c0200a00,0x00000000c5580000)
 Metaspace       used 6110K, capacity 7000K, committed 7168K, reserved 1056768K
  class space    used 619K, capacity 656K, committed 768K, reserved 1048576K
Event: 3.745 GC heap after
Heap after GC invocations=2 (full 0):
 PSYoungGen      total 38400K, used 5089K [0x00000000eab00000, 0x00000000ef600000, 0x0000000100000000)
  eden space 33280K, 0% used [0x00000000eab00000,0x00000000eab00000,0x00000000ecb80000)
  from space 5120K, 99% used [0x00000000ed080000,0x00000000ed578628,0x00000000ed580000)
  to   space 5120K, 0% used [0x00000000ecb80000,0x00000000ecb80000,0x00000000ed080000)
 ParOldGen       total 87552K, used 6873K [0x00000000c0000000, 0x00000000c5580000, 0x00000000eab00000)
  object space 87552K, 7% used [0x00000000c0000000,0x00000000c06b66f8,0x00000000c5580000)
 Metaspace       used 6110K, capacity 7000K, committed 7168K, reserved 1056768K
  class space    used 619K, capacity 656K, committed 768K, reserved 1048576K
}

Deoptimization events (10 events):
Event: 1.081 Thread 0x000000000023f000 Uncommon trap: reason=unstable_if action=reinterpret pc=0x000000000f200f04 method=java.lang.String.<init>([CII)V @ 18
Event: 1.392 Thread 0x000000000023f000 Uncommon trap: reason=unstable_if action=reinterpret pc=0x000000000f1eef4c method=java.lang.String.<init>([CII)V @ 18
Event: 1.574 Thread 0x0000000007b1a000 Uncommon trap: reason=null_check action=make_not_entrant pc=0x000000000f2a1810 method=com.android.dx.rop.type.Type.equals(Ljava/lang/Object;)Z @ 8
Event: 2.103 Thread 0x0000000007b1a000 Uncommon trap: reason=unstable_if action=reinterpret pc=0x000000000f35c768 method=com.android.dx.cf.code.Ropper.labelToResultIndex(I)I @ 34
Event: 2.311 Thread 0x0000000007b24000 Uncommon trap: reason=unstable_if action=reinterpret pc=0x000000000f35e58c method=com.android.dx.ssa.SsaMethod.updateOneDefinition(Lcom/android/dx/ssa/SsaInsn;Lcom/android/dx/rop/code/RegisterSpec;)V @ 4
Event: 2.349 Thread 0x0000000007b24000 Uncommon trap: reason=unstable_if action=reinterpret pc=0x000000000f3ea9c4 method=com.android.dx.ssa.SCCP.simulateStmt(Lcom/android/dx/ssa/SsaInsn;)V @ 53
Event: 2.482 Thread 0x0000000007b1a000 Uncommon trap: reason=unstable_if action=reinterpret pc=0x000000000f2c2a54 method=java.util.HashMap.putVal(ILjava/lang/Object;Ljava/lang/Object;ZZ)Ljava/lang/Object; @ 162
Event: 2.488 Thread 0x0000000007b1a000 Uncommon trap: reason=unstable_if action=reinterpret pc=0x000000000f225fe4 method=java.util.HashMap.getNode(ILjava/lang/Object;)Ljava/util/HashMap$Node; @ 84
Event: 2.506 Thread 0x0000000007b1a000 Uncommon trap: reason=bimorphic action=maybe_recompile pc=0x000000000f224b50 method=java.util.HashMap.getNode(ILjava/lang/Object;)Ljava/util/HashMap$Node; @ 126
Event: 3.972 Thread 0x0000000007b24000 Uncommon trap: reason=unstable_if action=reinterpret pc=0x000000000f224b10 method=java.util.HashMap.getNode(ILjava/lang/Object;)Ljava/util/HashMap$Node; @ 84

Internal exceptions (6 events):
Event: 0.120 Thread 0x000000000023f000 Exception <a 'java/lang/NoSuchMethodError': Method sun.misc.Unsafe.defineClass(Ljava/lang/String;[BII)Ljava/lang/Class; name or signature does not match> (0x00000000eab07cc0) thrown at [D:\re\workspace\8-2-build-windows-amd64-cygwin\jdk8u92\6642\hotspot\srz£*\6¦¾?
Event: 0.120 Thread 0x000000000023f000 Exception <a 'java/lang/NoSuchMethodError': Method sun.misc.Unsafe.prefetchRead(Ljava/lang/Object;J)V name or signature does not match> (0x00000000eab07fa8) thrown at [D:\re\workspace\8-2-build-windows-amd64-cygwin\jdk8u92\6642\hotspot\src\share\vm\prims\j,¿@\Ú0ù?
Event: 1.574 Thread 0x0000000007b1a000 Implicit null exception at 0x000000000f2a1712 to 0x000000000f2a1802
Event: 2.484 Thread 0x0000000007b1a000 Exception <a 'java/lang/ArrayIndexOutOfBoundsException': 18> (0x00000000ec82a820) thrown at [D:\re\workspace\8-2-build-windows-amd64-cygwin\jdk8u92\6642\hotspot\src\share\vm\interpreter\interpreterRuntime.cpp, line 366]
Event: 2.485 Thread 0x0000000007b1a000 Exception <a 'java/lang/ArrayIndexOutOfBoundsException': 145> (0x00000000ec82c3a0) thrown at [D:\re\workspace\8-2-build-windows-amd64-cygwin\jdk8u92\6642\hotspot\src\share\vm\interpreter\interpreterRuntime.cpp, line 366]
Event: 2.487 Thread 0x0000000007b1a000 Exception <a 'java/lang/ArrayIndexOutOfBoundsException': 40> (0x00000000ec82d688) thrown at [D:\re\workspace\8-2-build-windows-amd64-cygwin\jdk8u92\6642\hotspot\src\share\vm\interpreter\interpreterRuntime.cpp, line 366]

Events (10 events):
Event: 3.972 Thread 0x0000000007b24000 DEOPT PACKING pc=0x000000000f224b10 sp=0x000000000825e6a0
Event: 3.972 Thread 0x0000000007b24000 DEOPT UNPACKING pc=0x000000000f05582a sp=0x000000000825e628 mode 2
Event: 4.021 Thread 0x0000000007b1a000 DEOPT PACKING pc=0x000000000f2e6928 sp=0x000000000896ea80
Event: 4.021 Thread 0x0000000007b1a000 DEOPT UNPACKING pc=0x000000000f05787f sp=0x000000000896e860 mode 0
Event: 4.075 Thread 0x0000000007b1a000 DEOPT PACKING pc=0x000000000f2e69e2 sp=0x000000000896eb80
Event: 4.075 Thread 0x0000000007b1a000 DEOPT UNPACKING pc=0x000000000f05787f sp=0x000000000896e960 mode 0
Event: 4.092 Thread 0x0000000007b1a000 DEOPT PACKING pc=0x000000000f42f51f sp=0x000000000896e960
Event: 4.092 Thread 0x0000000007b1a000 DEOPT UNPACKING pc=0x000000000f05787f sp=0x000000000896e7a0 mode 0
Event: 4.108 Thread 0x000000000023f000 DEOPT PACKING pc=0x000000000f2e69e2 sp=0x00000000028fe600
Event: 4.108 Thread 0x000000000023f000 DEOPT UNPACKING pc=0x000000000f05787f sp=0x00000000028fe3e0 mode 0


Dynamic libraries:
0x000000013ff50000 - 0x000000013ff87000 	D:\development\Java\jdk1.8.0_92\bin\java.exe
0x0000000077550000 - 0x00000000776f9000 	C:\windows\SYSTEM32\ntdll.dll
0x0000000077330000 - 0x0000000077450000 	C:\windows\system32\kernel32.dll
0x000007fefd620000 - 0x000007fefd68c000 	C:\windows\system32\KERNELBASE.dll
0x000007feff6d0000 - 0x000007feff7ab000 	C:\windows\system32\ADVAPI32.dll
0x000007feff7c0000 - 0x000007feff85f000 	C:\windows\system32\msvcrt.dll
0x000007fefd9c0000 - 0x000007fefd9df000 	C:\windows\SYSTEM32\sechost.dll
0x000007fefe4b0000 - 0x000007fefe5dd000 	C:\windows\system32\RPCRT4.dll
0x0000000077450000 - 0x000000007754a000 	C:\windows\system32\USER32.dll
0x000007fefde20000 - 0x000007fefde87000 	C:\windows\system32\GDI32.dll
0x000007fefe0f0000 - 0x000007fefe0fe000 	C:\windows\system32\LPK.dll
0x000007fefe020000 - 0x000007fefe0ea000 	C:\windows\system32\USP10.dll
0x000007fefbc60000 - 0x000007fefbe54000 	C:\windows\WinSxS\amd64_microsoft.windows.common-controls_6595b64144ccf1df_6.0.7601.18837_none_fa3b1e3d17594757\COMCTL32.dll
0x000007fefdaf0000 - 0x000007fefdb61000 	C:\windows\system32\SHLWAPI.dll
0x000007fefdb70000 - 0x000007fefdb9e000 	C:\windows\system32\IMM32.DLL
0x000007fefd9e0000 - 0x000007fefdae9000 	C:\windows\system32\MSCTF.dll
0x000007fefd200000 - 0x000007fefd23c000 	C:\windows\system32\nvinitx.dll
0x000000000f000000 - 0x000000000f006000 	C:\Program Files\NVIDIA Corporation\CoProcManager\_etoured.dll
0x000007fef9d00000 - 0x000007fef9d44000 	C:\Program Files\NVIDIA Corporation\CoProcManager\nvd3d9wrapx.dll
0x000007fefdba0000 - 0x000007fefdd77000 	C:\windows\system32\SETUPAPI.dll
0x000007fefd5c0000 - 0x000007fefd5f6000 	C:\windows\system32\CFGMGR32.dll
0x000007feff5f0000 - 0x000007feff6c7000 	C:\windows\system32\OLEAUT32.dll
0x000007fefe5e0000 - 0x000007fefe7e3000 	C:\windows\system32\ole32.dll
0x000007fefd3d0000 - 0x000007fefd3ea000 	C:\windows\system32\DEVOBJ.dll
0x000007fef9ab0000 - 0x000007fef9af2000 	C:\Program Files\NVIDIA Corporation\CoProcManager\nvdxgiwrapx.dll
0x00000000610f0000 - 0x00000000611c2000 	D:\development\Java\jdk1.8.0_92\jre\bin\msvcr100.dll
0x0000000068070000 - 0x0000000068906000 	D:\development\Java\jdk1.8.0_92\jre\bin\server\jvm.dll
0x000007fef9790000 - 0x000007fef9799000 	C:\windows\system32\WSOCK32.dll
0x000007fefe810000 - 0x000007fefe85d000 	C:\windows\system32\WS2_32.dll
0x000007feff7b0000 - 0x000007feff7b8000 	C:\windows\system32\NSI.dll
0x000007fefb120000 - 0x000007fefb15b000 	C:\windows\system32\WINMM.dll
0x000007fefc2f0000 - 0x000007fefc2fc000 	C:\windows\system32\VERSION.dll
0x0000000077720000 - 0x0000000077727000 	C:\windows\system32\PSAPI.DLL
0x000000006c320000 - 0x000000006c32f000 	D:\development\Java\jdk1.8.0_92\jre\bin\verify.dll
0x000000006c2f0000 - 0x000000006c319000 	D:\development\Java\jdk1.8.0_92\jre\bin\java.dll
0x000000006c2d0000 - 0x000000006c2e6000 	D:\development\Java\jdk1.8.0_92\jre\bin\zip.dll
0x000007fefe860000 - 0x000007feff5e9000 	C:\windows\system32\SHELL32.dll
0x000007fefd2e0000 - 0x000007fefd2ef000 	C:\windows\system32\profapi.dll
0x000007fef7330000 - 0x000007fef7455000 	C:\windows\system32\dbghelp.dll

VM Arguments:
jvm_args: -Djava.awt.headless=true -Xmx1024M -Dfile.encoding=GBK -Duser.country=CN -Duser.language=zh -Duser.variant 
java_command: com.android.dx.command.Main --dex --force-jumbo --num-threads=4 --multi-dex --output G:\GitHub\Menu\app\build\intermediates\transforms\dex\debug\folders\1000\10\jackson-core-2.3.4_b463e6628e442df2ada51c81b63d1809da691bab C:\Users\hao\.gradle\caches\modules-2\files-2.1\com.fasterxml.jackson.core\jackson-core\2.3.4\801fecfb8baf0ba5296e2d2ea0664f72b0761b9a\jackson-core-2.3.4.jar
java_class_path (initial): H:\develop\android-sdk-windows\build-tools\23.0.2\lib\dx.jar
Launcher Type: SUN_STANDARD

Environment Variables:
JAVA_HOME=D:\development\Java\jdk1.8.0_92
CLASSPATH=D:\development\Java\jdk1.8.0_92lib\tools.jar;D:\development\Java\jdk1.8.0_92lib\dt.jar;
PATH=D:\develop\Python35-32\Scripts\;D:\develop\Python35-32\;D:\development\Java\jdk1.8.0_92\bin;C:\ProgramData\Oracle\Java\javapath;D:\development\Python34;C:\Users\hao\AppData\Roaming\npm;D:\develop\android-sdk_r24.0.2-windows\android-sdk-windows\platform-tools;D:\develop\adt-bundle-windows-x86_64_20140101\sdk\platform-tools;C:\Program Files\Common Files\Microsoft Shared\Windows Live;C:\Program Files (x86)\Common Files\Microsoft Shared\Windows Live;C:\windows\system32;C:\windows;C:\windows\System32\Wbem;C:\windows\System32\WindowsPowerShell\v1.0\;C:\Program Files\Intel\WiFi\bin\;C:\Program Files\Common Files\Intel\WirelessCommon\;C:\Program Files\Lenovo\Bluetooth Software\;C:\Program Files\Lenovo\Bluetooth Software\syswow64;C:\Program Files\Broadcom\WHL\;C:\Program Files\Broadcom\WHL\syswow64;C:\Program Files\Broadcom\WHL\SysWow64\;C:\Program Files\Broadcom\WHL\SysWow64\syswow64;C:\Program Files (x86)\Windows Live\Shared;D:\develop\bin;D:\Server\MySQL\MySQL Server 5.5\bin;D:\develop\Program Files (x86)\VisualSVN Server\bin
USERNAME=hao
OS=Windows_NT
PROCESSOR_IDENTIFIER=Intel64 Family 6 Model 42 Stepping 7, GenuineIntel



---------------  S Y S T E M  ---------------

OS: Windows 7 , 64 bit Build 7601 (6.1.7601.19018)

CPU:total 4 (2 cores per cpu, 2 threads per core) family 6 model 42 stepping 7, cmov, cx8, fxsr, mmx, sse, sse2, sse3, ssse3, sse4.1, sse4.2, popcnt, avx, clmul, ht, tsc, tscinvbit

Memory: 4k page, physical 8331120k(2495124k free), swap 16660404k(9952372k free)

vm_info: Java HotSpot(TM) 64-Bit Server VM (25.92-b14) for windows-amd64 JRE (1.8.0_92-b14), built on Mar 31 2016 21:03:04 by "java_re" with MS VC++ 10.0 (VS2010)

time: Tue Aug 09 22:03:14 2016
elapsed time: 4 seconds (0d 0h 0m 4s)

