#
# A fatal error has been detected by the Java Runtime Environment:
#
#  EXCEPTION_ACCESS_VIOLATION (0xc0000005) at pc=0x00000000537b1570, pid=10920, tid=0x0000000000000f78
#
# JRE version: Java(TM) SE Runtime Environment (8.0_92-b14) (build 1.8.0_92-b14)
# Java VM: Java HotSpot(TM) 64-Bit Server VM (25.92-b14 mixed mode windows-amd64 compressed oops)
# Problematic frame:
# V  [jvm.dll+0x4f1570]
#
# Failed to write core dump. Minidumps are not enabled by default on client versions of Windows
#
# If you would like to submit a bug report, please visit:
#   http://bugreport.java.com/bugreport/crash.jsp
#

---------------  T H R E A D  ---------------

Current thread (0x000000000607e800):  JavaThread "C2 CompilerThread0" daemon [_thread_in_native, id=3960, stack(0x0000000007bd0000,0x0000000007cd0000)]

siginfo: ExceptionCode=0xc0000005, reading address 0x0000000049475cb8

Registers:
RAX=0x0000000009475cb0, RBX=0x0000000009475c78, RCX=0x0000000009475c78, RDX=0x0000000008000002
RSP=0x0000000007ccc0d0, RBP=0x0000000007ccc149, RSI=0x0000000007ccce28, RDI=0x00000000087be110
R8 =0x0000000008000001, R9 =0x00000000074139f0, R10=0x0000000000000003, R11=0x0000000000000007
R12=0x00000000532c0000, R13=0x0000000007ccc470, R14=0x0000000009475c78, R15=0x000000005392c0d8
RIP=0x00000000537b1570, EFLAGS=0x0000000000010287

Top of Stack: (sp=0x0000000007ccc0d0)
0x0000000007ccc0d0:   0000000009475450 0000000007ccc149
0x0000000007ccc0e0:   0000000007ccce28 000000005338cb27
0x0000000007ccc0f0:   000000000000007c 00000000537a0474
0x0000000007ccc100:   0000000000000003 0000000007ccc149
0x0000000007ccc110:   0000000007ccce28 0000000000000000
0x0000000007ccc120:   0000000009347e20 000000000935ade0
0x0000000007ccc130:   0000000009343460 000000000607d590
0x0000000007ccc140:   0000000053931698 000000000607d590
0x0000000007ccc150:   0000000000000100 0000000008a71c60
0x0000000007ccc160:   0000000008979d00 0000000000000000
0x0000000007ccc170:   0000000000000008 0000000000000000
0x0000000007ccc180:   0000000000000004 0000000007ccc470
0x0000000007ccc190:   0000000000000001 0000000000000050
0x0000000007ccc1a0:   0000000007ccc200 00000000537a2758
0x0000000007ccc1b0:   0000000007ccc470 000000000773ce00
0x0000000007ccc1c0:   0000000007ccc200 0000000007ccce28 

Instructions: (pc=0x00000000537b1570)
0x00000000537b1550:   48 89 5c 24 08 57 48 83 ec 20 48 8b fa 8b 51 1c
0x00000000537b1560:   48 8b d9 39 51 18 73 0f 48 8b 41 08 44 8d 42 ff
0x00000000537b1570:   4a 83 3c c0 00 74 07 ff c2 e8 72 f2 ff ff 8b 43
0x00000000537b1580:   18 48 8b 53 08 4c 8b 04 c2 4d 85 c0 74 27 48 63 


Register to memory mapping:

RAX=0x0000000009475cb0 is an unknown value
RBX=0x0000000009475c78 is an unknown value
RCX=0x0000000009475c78 is an unknown value
RDX=0x0000000008000002 is pointing into the stack for thread: 0x0000000007578000
RSP=0x0000000007ccc0d0 is pointing into the stack for thread: 0x000000000607e800
RBP=0x0000000007ccc149 is pointing into the stack for thread: 0x000000000607e800
RSI=0x0000000007ccce28 is pointing into the stack for thread: 0x000000000607e800
RDI=0x00000000087be110 is an unknown value
R8 =0x0000000008000001 is pointing into the stack for thread: 0x0000000007578000
R9 =0x00000000074139f0 is an unknown value
R10=0x0000000000000003 is an unknown value
R11=0x0000000000000007 is an unknown value
R12=0x00000000532c0000 is an unknown value
R13=0x0000000007ccc470 is pointing into the stack for thread: 0x000000000607e800
R14=0x0000000009475c78 is an unknown value
R15=0x000000005392c0d8 is an unknown value


Stack: [0x0000000007bd0000,0x0000000007cd0000],  sp=0x0000000007ccc0d0,  free space=1008k
Native frames: (J=compiled Java code, j=interpreted, Vv=VM code, C=native code)
V  [jvm.dll+0x4f1570]
V  [jvm.dll+0x4e0474]
V  [jvm.dll+0x4e2758]
V  [jvm.dll+0x470241]
V  [jvm.dll+0x472c28]
V  [jvm.dll+0x455b42]
V  [jvm.dll+0xa50a2]
V  [jvm.dll+0xa59df]
V  [jvm.dll+0x244314]
V  [jvm.dll+0x29b34a]
C  [msvcr100.dll+0x21d9f]
C  [msvcr100.dll+0x21e3b]
C  [kernel32.dll+0x15a4d]
C  [ntdll.dll+0x2b831]


Current CompileTask:
C2:   3351 1250       4       com.android.dx.dex.code.OutputFinisher::addConstants (93 bytes)


---------------  P R O C E S S  ---------------

Java Threads: ( => current thread )
  0x0000000007578000 JavaThread "pool-1-thread-1" [_thread_in_Java, id=5608, stack(0x0000000007f10000,0x0000000008010000)]
  0x0000000007443800 JavaThread "Service Thread" daemon [_thread_blocked, id=8828, stack(0x0000000008220000,0x0000000008320000)]
  0x0000000007426800 JavaThread "C1 CompilerThread2" daemon [_thread_blocked, id=10652, stack(0x0000000008050000,0x0000000008150000)]
  0x00000000073d6000 JavaThread "C2 CompilerThread1" daemon [_thread_blocked, id=2036, stack(0x0000000007e00000,0x0000000007f00000)]
=>0x000000000607e800 JavaThread "C2 CompilerThread0" daemon [_thread_in_native, id=3960, stack(0x0000000007bd0000,0x0000000007cd0000)]
  0x00000000073ca800 JavaThread "Attach Listener" daemon [_thread_blocked, id=10984, stack(0x00000000079d0000,0x0000000007ad0000)]
  0x000000000606f000 JavaThread "Signal Dispatcher" daemon [_thread_blocked, id=564, stack(0x00000000078c0000,0x00000000079c0000)]
  0x0000000006059800 JavaThread "Finalizer" daemon [_thread_blocked, id=4080, stack(0x0000000006fc0000,0x00000000070c0000)]
  0x0000000006012000 JavaThread "Reference Handler" daemon [_thread_blocked, id=9520, stack(0x00000000072c0000,0x00000000073c0000)]
  0x000000000245f000 JavaThread "main" [_thread_blocked, id=8156, stack(0x0000000002560000,0x0000000002660000)]

Other Threads:
  0x000000000600a800 VMThread [stack: 0x0000000007150000,0x0000000007250000] [id=10456]
  0x0000000007493800 WatcherThread [stack: 0x0000000008360000,0x0000000008460000] [id=11316]

VM state:not at safepoint (normal execution)

VM Mutex/Monitor currently owned by a thread: None

Heap:
 PSYoungGen      total 38400K, used 6117K [0x00000000eab00000, 0x00000000ef600000, 0x0000000100000000)
  eden space 33280K, 3% used [0x00000000eab00000,0x00000000eabfe188,0x00000000ecb80000)
  from space 5120K, 99% used [0x00000000ecb80000,0x00000000ed07b650,0x00000000ed080000)
  to   space 5120K, 0% used [0x00000000ef100000,0x00000000ef100000,0x00000000ef600000)
 ParOldGen       total 87552K, used 1516K [0x00000000c0000000, 0x00000000c5580000, 0x00000000eab00000)
  object space 87552K, 1% used [0x00000000c0000000,0x00000000c017b2e0,0x00000000c5580000)
 Metaspace       used 5971K, capacity 7024K, committed 7296K, reserved 1056768K
  class space    used 599K, capacity 616K, committed 640K, reserved 1048576K

Card table byte_map: [0x0000000002b20000,0x0000000002d30000] byte_map_base: 0x0000000002520000

Marking Bits: (ParMarkBitMap*) 0x0000000053ad64f0
 Begin Bits: [0x0000000003480000, 0x0000000004480000)
 End Bits:   [0x0000000004480000, 0x0000000005480000)

Polling page: 0x0000000000320000

CodeCache: size=245760Kb used=5229Kb max_used=5229Kb free=240530Kb
 bounds [0x000000000f010000, 0x000000000f540000, 0x000000001e010000]
 total_blobs=1597 nmethods=1333 adapters=177
 compilation: enabled

Compilation events (10 events):
Event: 3.310 Thread 0x0000000007426800 1335       3       java.lang.ref.Finalizer::access$000 (4 bytes)
Event: 3.310 Thread 0x00000000073d6000 nmethod 1313 0x000000000f49c890 code [0x000000000f49c9c0, 0x000000000f49ca38]
Event: 3.310 Thread 0x00000000073d6000 1247       4       java.util.HashMap::newNode (13 bytes)
Event: 3.310 Thread 0x0000000007426800 nmethod 1335 0x000000000f51bb10 code [0x000000000f51bc60, 0x000000000f51bd90]
Event: 3.310 Thread 0x0000000007426800 1339       3       java.lang.ref.Finalizer::access$100 (6 bytes)
Event: 3.310 Thread 0x0000000007426800 nmethod 1339 0x000000000f51b790 code [0x000000000f51b900, 0x000000000f51ba68]
Event: 3.310 Thread 0x0000000007426800 1340   !   3       java.lang.ref.Finalizer::runFinalizer (62 bytes)
Event: 3.311 Thread 0x0000000007426800 nmethod 1340 0x000000000f520e90 code [0x000000000f521040, 0x000000000f521898]
Event: 3.312 Thread 0x00000000073d6000 nmethod 1247 0x000000000f520b90 code [0x000000000f520ce0, 0x000000000f520dd8]
Event: 3.317 Thread 0x0000000007426800 1341       3       com.android.dx.dex.code.StdCatchBuilder::handlersFor (216 bytes)

GC Heap History (2 events):
Event: 3.176 GC heap before
{Heap before GC invocations=1 (full 0):
 PSYoungGen      total 38400K, used 33280K [0x00000000eab00000, 0x00000000ed580000, 0x0000000100000000)
  eden space 33280K, 100% used [0x00000000eab00000,0x00000000ecb80000,0x00000000ecb80000)
  from space 5120K, 0% used [0x00000000ed080000,0x00000000ed080000,0x00000000ed580000)
  to   space 5120K, 0% used [0x00000000ecb80000,0x00000000ecb80000,0x00000000ed080000)
 ParOldGen       total 87552K, used 0K [0x00000000c0000000, 0x00000000c5580000, 0x00000000eab00000)
  object space 87552K, 0% used [0x00000000c0000000,0x00000000c0000000,0x00000000c5580000)
 Metaspace       used 5871K, capacity 6960K, committed 7040K, reserved 1056768K
  class space    used 590K, capacity 616K, committed 640K, reserved 1048576K
Event: 3.247 GC heap after
Heap after GC invocations=1 (full 0):
 PSYoungGen      total 38400K, used 5101K [0x00000000eab00000, 0x00000000ef600000, 0x0000000100000000)
  eden space 33280K, 0% used [0x00000000eab00000,0x00000000eab00000,0x00000000ecb80000)
  from space 5120K, 99% used [0x00000000ecb80000,0x00000000ed07b650,0x00000000ed080000)
  to   space 5120K, 0% used [0x00000000ef100000,0x00000000ef100000,0x00000000ef600000)
 ParOldGen       total 87552K, used 1516K [0x00000000c0000000, 0x00000000c5580000, 0x00000000eab00000)
  object space 87552K, 1% used [0x00000000c0000000,0x00000000c017b2e0,0x00000000c5580000)
 Metaspace       used 5871K, capacity 6960K, committed 7040K, reserved 1056768K
  class space    used 590K, capacity 616K, committed 640K, reserved 1048576K
}

Deoptimization events (10 events):
Event: 1.858 Thread 0x000000000767c000 Uncommon trap: reason=unstable_if action=reinterpret pc=0x000000000f383e3c method=com.android.dx.ssa.NormalSsaInsn.getLocalAssignment()Lcom/android/dx/rop/code/RegisterSpec; @ 12
Event: 1.859 Thread 0x000000000767c000 Uncommon trap: reason=unstable_if action=reinterpret pc=0x000000000f2b84d8 method=com.android.dx.ssa.NormalSsaInsn.getLocalAssignment()Lcom/android/dx/rop/code/RegisterSpec; @ 12
Event: 1.859 Thread 0x000000000767c000 Uncommon trap: reason=unstable_if action=reinterpret pc=0x000000000f29f1a0 method=com.android.dx.ssa.NormalSsaInsn.getLocalAssignment()Lcom/android/dx/rop/code/RegisterSpec; @ 12
Event: 2.699 Thread 0x0000000007687000 Uncommon trap: reason=unstable_if action=reinterpret pc=0x000000000f3ffe70 method=com.android.dx.dex.code.OutputFinisher.hasLocalInfo(Lcom/android/dx/dex/code/DalvInsn;)Z @ 24
Event: 2.703 Thread 0x000000000767c000 Uncommon trap: reason=unstable_if action=reinterpret pc=0x000000000f31646c method=com.android.dx.rop.code.RegisterSpec.equals(ILcom/android/dx/rop/type/TypeBearer;Lcom/android/dx/rop/code/LocalItem;)Z @ 24
Event: 3.104 Thread 0x0000000007578000 Uncommon trap: reason=class_check action=maybe_recompile pc=0x000000000f4e3d48 method=java.util.Arrays.hashCode([Ljava/lang/Object;)I @ 43
Event: 3.104 Thread 0x0000000007578000 Uncommon trap: reason=class_check action=maybe_recompile pc=0x000000000f4e3d48 method=java.util.Arrays.hashCode([Ljava/lang/Object;)I @ 43
Event: 3.106 Thread 0x0000000007578000 Uncommon trap: reason=class_check action=maybe_recompile pc=0x000000000f4e3d48 method=java.util.Arrays.hashCode([Ljava/lang/Object;)I @ 43
Event: 3.107 Thread 0x0000000007578000 Uncommon trap: reason=class_check action=maybe_recompile pc=0x000000000f4e3d48 method=java.util.Arrays.hashCode([Ljava/lang/Object;)I @ 43
Event: 3.107 Thread 0x0000000007578000 Uncommon trap: reason=class_check action=maybe_recompile pc=0x000000000f4d91f8 method=java.util.Arrays.hashCode([Ljava/lang/Object;)I @ 43

Internal exceptions (2 events):
Event: 0.134 Thread 0x000000000245f000 Exception <a 'java/lang/NoSuchMethodError': Method sun.misc.Unsafe.defineClass(Ljava/lang/String;[BII)Ljava/lang/Class; name or signature does not match> (0x00000000eab07cc0) thrown at [D:\re\workspace\8-2-build-windows-amd64-cygwin\jdk8u92\6642\hotspot\sr«$Y.1Á?
Event: 0.134 Thread 0x000000000245f000 Exception <a 'java/lang/NoSuchMethodError': Method sun.misc.Unsafe.prefetchRead(Ljava/lang/Object;J)V name or signature does not match> (0x00000000eab07fa8) thrown at [D:\re\workspace\8-2-build-windows-amd64-cygwin\jdk8u92\6642\hotspot\src\share\vm\prims\j

Events (10 events):
Event: 3.261 loading class com/android/dx/dex/code/LocalList$MakeState
Event: 3.261 loading class com/android/dx/dex/code/LocalList$MakeState done
Event: 3.262 loading class com/android/dx/dex/code/LocalList$Disposition
Event: 3.262 loading class com/android/dx/dex/code/LocalList$Disposition done
Event: 3.263 loading class com/android/dx/dex/code/LocalList$Entry
Event: 3.263 loading class com/android/dx/dex/code/LocalList$Entry done
Event: 3.264 loading class com/android/dx/dex/code/CatchHandlerList
Event: 3.264 loading class com/android/dx/dex/code/CatchHandlerList done
Event: 3.265 loading class com/android/dx/dex/code/CatchTable
Event: 3.265 loading class com/android/dx/dex/code/CatchTable done


Dynamic libraries:
0x000000013f4c0000 - 0x000000013f4f7000 	D:\development\Java\jdk1.8.0_92\bin\java.exe
0x0000000077550000 - 0x00000000776f9000 	C:\windows\SYSTEM32\ntdll.dll
0x0000000077330000 - 0x0000000077450000 	C:\windows\system32\kernel32.dll
0x000007fefd620000 - 0x000007fefd68c000 	C:\windows\system32\KERNELBASE.dll
0x000007feff6d0000 - 0x000007feff7ab000 	C:\windows\system32\ADVAPI32.dll
0x000007feff7c0000 - 0x000007feff85f000 	C:\windows\system32\msvcrt.dll
0x000007fefd9c0000 - 0x000007fefd9df000 	C:\windows\SYSTEM32\sechost.dll
0x000007fefe4b0000 - 0x000007fefe5dd000 	C:\windows\system32\RPCRT4.dll
0x0000000077450000 - 0x000000007754a000 	C:\windows\system32\USER32.dll
0x000007fefde20000 - 0x000007fefde87000 	C:\windows\system32\GDI32.dll
0x000007fefe0f0000 - 0x000007fefe0fe000 	C:\windows\system32\LPK.dll
0x000007fefe020000 - 0x000007fefe0ea000 	C:\windows\system32\USP10.dll
0x000007fefbc60000 - 0x000007fefbe54000 	C:\windows\WinSxS\amd64_microsoft.windows.common-controls_6595b64144ccf1df_6.0.7601.18837_none_fa3b1e3d17594757\COMCTL32.dll
0x000007fefdaf0000 - 0x000007fefdb61000 	C:\windows\system32\SHLWAPI.dll
0x000007fefdb70000 - 0x000007fefdb9e000 	C:\windows\system32\IMM32.DLL
0x000007fefd9e0000 - 0x000007fefdae9000 	C:\windows\system32\MSCTF.dll
0x000007fefd200000 - 0x000007fefd23c000 	C:\windows\system32\nvinitx.dll
0x000000000f000000 - 0x000000000f006000 	C:\Program Files\NVIDIA Corporation\CoProcManager\_etoured.dll
0x000007fef9d00000 - 0x000007fef9d44000 	C:\Program Files\NVIDIA Corporation\CoProcManager\nvd3d9wrapx.dll
0x000007fefdba0000 - 0x000007fefdd77000 	C:\windows\system32\SETUPAPI.dll
0x000007fefd5c0000 - 0x000007fefd5f6000 	C:\windows\system32\CFGMGR32.dll
0x000007feff5f0000 - 0x000007feff6c7000 	C:\windows\system32\OLEAUT32.dll
0x000007fefe5e0000 - 0x000007fefe7e3000 	C:\windows\system32\ole32.dll
0x000007fefd3d0000 - 0x000007fefd3ea000 	C:\windows\system32\DEVOBJ.dll
0x000007fef9ab0000 - 0x000007fef9af2000 	C:\Program Files\NVIDIA Corporation\CoProcManager\nvdxgiwrapx.dll
0x00000000680f0000 - 0x00000000681c2000 	D:\development\Java\jdk1.8.0_92\jre\bin\msvcr100.dll
0x00000000532c0000 - 0x0000000053b56000 	D:\development\Java\jdk1.8.0_92\jre\bin\server\jvm.dll
0x000007fef9790000 - 0x000007fef9799000 	C:\windows\system32\WSOCK32.dll
0x000007fefe810000 - 0x000007fefe85d000 	C:\windows\system32\WS2_32.dll
0x000007feff7b0000 - 0x000007feff7b8000 	C:\windows\system32\NSI.dll
0x000007fefb120000 - 0x000007fefb15b000 	C:\windows\system32\WINMM.dll
0x000007fefc2f0000 - 0x000007fefc2fc000 	C:\windows\system32\VERSION.dll
0x0000000077720000 - 0x0000000077727000 	C:\windows\system32\PSAPI.DLL
0x0000000073d60000 - 0x0000000073d6f000 	D:\development\Java\jdk1.8.0_92\jre\bin\verify.dll
0x000000006c300000 - 0x000000006c329000 	D:\development\Java\jdk1.8.0_92\jre\bin\java.dll
0x000000006c2e0000 - 0x000000006c2f6000 	D:\development\Java\jdk1.8.0_92\jre\bin\zip.dll
0x000007fefe860000 - 0x000007feff5e9000 	C:\windows\system32\SHELL32.dll
0x000007fefd2e0000 - 0x000007fefd2ef000 	C:\windows\system32\profapi.dll
0x000007fef7330000 - 0x000007fef7455000 	C:\windows\system32\dbghelp.dll

VM Arguments:
jvm_args: -Djava.awt.headless=true -Xmx1024M -Dfile.encoding=GBK -Duser.country=CN -Duser.language=zh -Duser.variant 
java_command: com.android.dx.command.Main --dex --force-jumbo --num-threads=4 --multi-dex --output G:\GitHub\Menu\app\build\intermediates\transforms\dex\debug\folders\1000\5\slice_0 G:\GitHub\Menu\app\build\intermediates\transforms\instantRunSlicer\debug\folders\1\5\slice_0
java_class_path (initial): H:\develop\android-sdk-windows\build-tools\23.0.2\lib\dx.jar
Launcher Type: SUN_STANDARD

Environment Variables:
JAVA_HOME=D:\development\Java\jdk1.8.0_92
CLASSPATH=D:\development\Java\jdk1.8.0_92lib\tools.jar;D:\development\Java\jdk1.8.0_92lib\dt.jar;
PATH=D:\develop\Python35-32\Scripts\;D:\develop\Python35-32\;D:\development\Java\jdk1.8.0_92\bin;C:\ProgramData\Oracle\Java\javapath;D:\development\Python34;C:\Users\hao\AppData\Roaming\npm;D:\develop\android-sdk_r24.0.2-windows\android-sdk-windows\platform-tools;D:\develop\adt-bundle-windows-x86_64_20140101\sdk\platform-tools;C:\Program Files\Common Files\Microsoft Shared\Windows Live;C:\Program Files (x86)\Common Files\Microsoft Shared\Windows Live;C:\windows\system32;C:\windows;C:\windows\System32\Wbem;C:\windows\System32\WindowsPowerShell\v1.0\;C:\Program Files\Intel\WiFi\bin\;C:\Program Files\Common Files\Intel\WirelessCommon\;C:\Program Files\Lenovo\Bluetooth Software\;C:\Program Files\Lenovo\Bluetooth Software\syswow64;C:\Program Files\Broadcom\WHL\;C:\Program Files\Broadcom\WHL\syswow64;C:\Program Files\Broadcom\WHL\SysWow64\;C:\Program Files\Broadcom\WHL\SysWow64\syswow64;C:\Program Files (x86)\Windows Live\Shared;D:\develop\bin;D:\Server\MySQL\MySQL Server 5.5\bin;D:\develop\Program Files (x86)\VisualSVN Server\bin
USERNAME=hao
OS=Windows_NT
PROCESSOR_IDENTIFIER=Intel64 Family 6 Model 42 Stepping 7, GenuineIntel



---------------  S Y S T E M  ---------------

OS: Windows 7 , 64 bit Build 7601 (6.1.7601.19018)

CPU:total 4 (2 cores per cpu, 2 threads per core) family 6 model 42 stepping 7, cmov, cx8, fxsr, mmx, sse, sse2, sse3, ssse3, sse4.1, sse4.2, popcnt, avx, clmul, ht, tsc, tscinvbit

Memory: 4k page, physical 8331120k(3006684k free), swap 16660404k(10287868k free)

vm_info: Java HotSpot(TM) 64-Bit Server VM (25.92-b14) for windows-amd64 JRE (1.8.0_92-b14), built on Mar 31 2016 21:03:04 by "java_re" with MS VC++ 10.0 (VS2010)

time: Tue Aug 09 22:23:44 2016
elapsed time: 3 seconds (0d 0h 0m 3s)

